[{"index": 0, "opcode": "PUSH", "arg": 12},
 {"index": 1, "opcode": "SAVE", "arg": 19},
 {"index": 2, "opcode": "LLOAD", "arg": 19},
 {"index": 3, "opcode": "JZ", "arg": 9},
 {"index": 4, "opcode": "SAVE", "arg": 1},
 {"index": 5, "opcode": "LOAD", "arg": 19},
 {"index": 6, "opcode": "ADD", "arg": 1},
 {"index": 7, "opcode": "SAVE", "arg": 19},
 {"index": 8, "opcode": "JMP", "arg": 2},
 {"index": 9, "opcode": "HLT", "arg": null},
 {"index": 10, "opcode": "INT", "arg": 0},
 {"index": 11, "opcode": "INT", "arg": 0},
 {"index": 12, "opcode": "STR", "arg": 72},
 {"index": 13, "opcode": "STR", "arg": 101},
 {"index": 14, "opcode": "STR", "arg": 108},
 {"index": 15, "opcode": "STR", "arg": 108},
 {"index": 16, "opcode": "STR", "arg": 111},
 {"index": 17, "opcode": "STR", "arg": 33},
 {"index": 18, "opcode": "STR", "arg": 0},
 {"index": 19, "opcode": "INT", "arg": 0}]