[{"index": 0, "opcode": "LOAD", "arg": 22},
 {"index": 1, "opcode": "JZ", "arg": 16},
 {"index": 2, "opcode": "LOAD", "arg": 22},
 {"index": 3, "opcode": "MOD", "arg": 3},
 {"index": 4, "opcode": "JZ", "arg": 9},
 {"index": 5, "opcode": "LOAD", "arg": 22},
 {"index": 6, "opcode": "MOD", "arg": 5},
 {"index": 7, "opcode": "JZ", "arg": 9},
 {"index": 8, "opcode": "JMP", "arg": 12},
 {"index": 9, "opcode": "LOAD", "arg": 21},
 {"index": 10, "opcode": "ADDM", "arg": 22},
 {"index": 11, "opcode": "SAVE", "arg": 21},
 {"index": 12, "opcode": "LOAD", "arg": 22},
 {"index": 13, "opcode": "ADD", "arg": -1},
 {"index": 14, "opcode": "SAVE", "arg": 22},
 {"index": 15, "opcode": "JMP", "arg": 0},
 {"index": 16, "opcode": "LOAD", "arg": 21},
 {"index": 17, "opcode": "SAVE", "arg": 1},
 {"index": 18, "opcode": "HLT", "arg": null},
 {"index": 19, "opcode": "INT", "arg": 0},
 {"index": 20, "opcode": "INT", "arg": 0},
 {"index": 21, "opcode": "INT", "arg": 0},
 {"index": 22, "opcode": "INT", "arg": 1000}]