[{"index": 0, "opcode": "PUSH", "arg": 30},
 {"index": 1, "opcode": "SAVE", "arg": 68},
 {"index": 2, "opcode": "LLOAD", "arg": 68},
 {"index": 3, "opcode": "JZ", "arg": 9},
 {"index": 4, "opcode": "SAVE", "arg": 1},
 {"index": 5, "opcode": "LOAD", "arg": 68},
 {"index": 6, "opcode": "ADD", "arg": 1},
 {"index": 7, "opcode": "SAVE", "arg": 68},
 {"index": 8, "opcode": "JMP", "arg": 2},
 {"index": 9, "opcode": "PUSH", "arg": 38},
 {"index": 10, "opcode": "SAVE", "arg": 68},
 {"index": 11, "opcode": "LOAD", "arg": 0},
 {"index": 12, "opcode": "JZ", "arg": 18},
 {"index": 13, "opcode": "SSAVE", "arg": 68},
 {"index": 14, "opcode": "LOAD", "arg": 68},
 {"index": 15, "opcode": "ADD", "arg": 1},
 {"index": 16, "opcode": "SAVE", "arg": 68},
 {"index": 17, "opcode": "JMP", "arg": 11},
 {"index": 18, "opcode": "PUSH", "arg": 38},
 {"index": 19, "opcode": "SAVE", "arg": 68},
 {"index": 20, "opcode": "LLOAD", "arg": 68},
 {"index": 21, "opcode": "JZ", "arg": 27},
 {"index": 22, "opcode": "SAVE", "arg": 1},
 {"index": 23, "opcode": "LOAD", "arg": 68},
 {"index": 24, "opcode": "ADD", "arg": 1},
 {"index": 25, "opcode": "SAVE", "arg": 68},
 {"index": 26, "opcode": "JMP", "arg": 20},
 {"index": 27, "opcode": "HLT", "arg": null},
 {"index": 28, "opcode": "INT", "arg": 0},
 {"index": 29, "opcode": "INT", "arg": 0},
 {"index": 30, "opcode": "STR", "arg": 72},
 {"index": 31, "opcode": "STR", "arg": 101},
 {"index": 32, "opcode": "STR", "arg": 108},
 {"index": 33, "opcode": "STR", "arg": 108},
 {"index": 34, "opcode": "STR", "arg": 111},
 {"index": 35, "opcode": "STR", "arg": 44},
 {"index": 36, "opcode": "STR", "arg": 32},
 {"index": 37, "opcode": "STR", "arg": 0},
 {"index": 38, "opcode": "BUF", "arg": 0},
 {"index": 39, "opcode": "BUF", "arg": 0},
 {"index": 40, "opcode": "BUF", "arg": 0},
 {"index": 41, "opcode": "BUF", "arg": 0},
 {"index": 42, "opcode": "BUF", "arg": 0},
 {"index": 43, "opcode": "BUF", "arg": 0},
 {"index": 44, "opcode": "BUF", "arg": 0},
 {"index": 45, "opcode": "BUF", "arg": 0},
 {"index": 46, "opcode": "BUF", "arg": 0},
 {"index": 47, "opcode": "BUF", "arg": 0},
 {"index": 48, "opcode": "BUF", "arg": 0},
 {"index": 49, "opcode": "BUF", "arg": 0},
 {"index": 50, "opcode": "BUF", "arg": 0},
 {"index": 51, "opcode": "BUF", "arg": 0},
 {"index": 52, "opcode": "BUF", "arg": 0},
 {"index": 53, "opcode": "BUF", "arg": 0},
 {"index": 54, "opcode": "BUF", "arg": 0},
 {"index": 55, "opcode": "BUF", "arg": 0},
 {"index": 56, "opcode": "BUF", "arg": 0},
 {"index": 57, "opcode": "BUF", "arg": 0},
 {"index": 58, "opcode": "BUF", "arg": 0},
 {"index": 59, "opcode": "BUF", "arg": 0},
 {"index": 60, "opcode": "BUF", "arg": 0},
 {"index": 61, "opcode": "BUF", "arg": 0},
 {"index": 62, "opcode": "BUF", "arg": 0},
 {"index": 63, "opcode": "BUF", "arg": 0},
 {"index": 64, "opcode": "BUF", "arg": 0},
 {"index": 65, "opcode": "BUF", "arg": 0},
 {"index": 66, "opcode": "BUF", "arg": 0},
 {"index": 67, "opcode": "BUF", "arg": 0},
 {"index": 68, "opcode": "INT", "arg": 0}]